2026-03-04T12:42:05  Always-on runner booting. Root=c:\Users\Himanshu\OneDrive\Desktop\Hackthone Port=8501
2026-03-04T12:42:05  Starting Streamlit on port 8501
2026-03-04T12:42:09  Streamlit PID=18144
2026-03-04T12:42:09  Process exited with code . Restarting in 5 sec.
2026-03-04T12:42:14  Starting Streamlit on port 8501
2026-03-04T12:42:18  Streamlit PID=19952
2026-03-04T12:42:18  Process exited with code . Restarting in 5 sec.
2026-03-04T12:42:23  Starting Streamlit on port 8501
2026-03-04T12:42:28  Streamlit PID=1236
2026-03-04T12:42:48  Process exited with code . Restarting in 5 sec.
2026-03-04T12:42:53  Starting Streamlit on port 8501
2026-03-04T12:42:57  Streamlit PID=17244
2026-03-04T12:42:57  Process exited with code . Restarting in 5 sec.
2026-03-04T12:43:02  Starting Streamlit on port 8501
2026-03-04T12:43:06  Streamlit PID=16508
2026-03-04T12:43:26  Process exited with code . Restarting in 5 sec.
2026-03-04T12:43:31  Starting Streamlit on port 8501
2026-03-04T12:43:36  Always-on runner booting. Root=c:\Users\Himanshu\OneDrive\Desktop\Hackthone Port=8501
2026-03-04T12:43:36  Healthy server already detected on port 8501. Monitoring only.
2026-03-04T12:43:56  Healthy server already detected on port 8501. Monitoring only.
2026-03-04T12:44:16  Healthy server already detected on port 8501. Monitoring only.
2026-03-04T12:44:36  Healthy server already detected on port 8501. Monitoring only.
2026-03-04T12:44:56  Healthy server already detected on port 8501. Monitoring only.
2026-03-04T12:45:16  Healthy server already detected on port 8501. Monitoring only.
2026-03-04T12:45:36  Healthy server already detected on port 8501. Monitoring only.
2026-03-04T12:45:57  Healthy server already detected on port 8501. Monitoring only.
2026-03-04T12:46:17  Healthy server already detected on port 8501. Monitoring only.
2026-03-04T12:46:37  Healthy server already detected on port 8501. Monitoring only.
2026-03-04T12:46:57  Healthy server already detected on port 8501. Monitoring only.
2026-03-04T12:47:17  Healthy server already detected on port 8501. Monitoring only.
2026-03-04T12:47:37  Healthy server already detected on port 8501. Monitoring only.
2026-03-04T12:47:57  Healthy server already detected on port 8501. Monitoring only.
2026-03-04T12:48:17  Healthy server already detected on port 8501. Monitoring only.
2026-03-04T12:48:37  Healthy server already detected on port 8501. Monitoring only.
2026-03-04T12:48:57  Healthy server already detected on port 8501. Monitoring only.
2026-03-04T12:49:18  Healthy server already detected on port 8501. Monitoring only.
2026-03-04T12:49:38  Healthy server already detected on port 8501. Monitoring only.
2026-03-04T12:49:58  Healthy server already detected on port 8501. Monitoring only.
2026-03-04T12:50:18  Healthy server already detected on port 8501. Monitoring only.
2026-03-04T12:50:38  Healthy server already detected on port 8501. Monitoring only.
2026-03-04T12:50:58  Healthy server already detected on port 8501. Monitoring only.
2026-03-04T12:51:18  Healthy server already detected on port 8501. Monitoring only.
2026-03-04T12:51:38  Healthy server already detected on port 8501. Monitoring only.
2026-03-04T12:51:58  Healthy server already detected on port 8501. Monitoring only.
2026-03-04T12:52:18  Healthy server already detected on port 8501. Monitoring only.
2026-03-04T12:52:38  Healthy server already detected on port 8501. Monitoring only.
2026-03-04T12:52:58  Healthy server already detected on port 8501. Monitoring only.
2026-03-04T12:53:18  Healthy server already detected on port 8501. Monitoring only.
2026-03-04T12:53:38  Healthy server already detected on port 8501. Monitoring only.
2026-03-04T12:53:58  Healthy server already detected on port 8501. Monitoring only.
2026-03-04T12:54:19  Healthy server already detected on port 8501. Monitoring only.
2026-03-04T12:54:39  Healthy server already detected on port 8501. Monitoring only.
2026-03-04T12:54:59  Healthy server already detected on port 8501. Monitoring only.
2026-03-04T12:55:19  Healthy server already detected on port 8501. Monitoring only.
2026-03-04T12:55:39  Healthy server already detected on port 8501. Monitoring only.
2026-03-04T12:55:59  Healthy server already detected on port 8501. Monitoring only.
2026-03-04T12:56:19  Healthy server already detected on port 8501. Monitoring only.
2026-03-04T12:56:39  Healthy server already detected on port 8501. Monitoring only.
2026-03-04T12:56:59  Healthy server already detected on port 8501. Monitoring only.
2026-03-04T12:57:19  Healthy server already detected on port 8501. Monitoring only.
2026-03-04T12:57:39  Healthy server already detected on port 8501. Monitoring only.
2026-03-04T12:57:59  Healthy server already detected on port 8501. Monitoring only.
2026-03-04T14:18:22  Healthy server already detected on port 8501. Monitoring only.
2026-03-04T14:18:42  Healthy server already detected on port 8501. Monitoring only.
2026-03-04T14:19:02  Healthy server already detected on port 8501. Monitoring only.
2026-03-04T14:19:25  Healthy server already detected on port 8501. Monitoring only.
2026-03-04T14:19:45  Healthy server already detected on port 8501. Monitoring only.
2026-03-04T14:20:05  Healthy server already detected on port 8501. Monitoring only.
2026-03-04T14:20:25  Healthy server already detected on port 8501. Monitoring only.
2026-03-04T14:20:45  Healthy server already detected on port 8501. Monitoring only.
2026-03-04T14:21:05  Healthy server already detected on port 8501. Monitoring only.
2026-03-04T14:21:25  Healthy server already detected on port 8501. Monitoring only.
2026-03-04T14:21:45  Healthy server already detected on port 8501. Monitoring only.
2026-03-04T14:22:05  Healthy server already detected on port 8501. Monitoring only.
2026-03-04T14:22:26  Healthy server already detected on port 8501. Monitoring only.
2026-03-04T14:22:46  Healthy server already detected on port 8501. Monitoring only.
2026-03-04T14:23:06  Healthy server already detected on port 8501. Monitoring only.
2026-03-04T14:23:26  Healthy server already detected on port 8501. Monitoring only.
2026-03-04T14:23:46  Healthy server already detected on port 8501. Monitoring only.
2026-03-04T14:24:06  Healthy server already detected on port 8501. Monitoring only.
2026-03-04T14:24:26  Healthy server already detected on port 8501. Monitoring only.
2026-03-04T14:24:46  Healthy server already detected on port 8501. Monitoring only.
2026-03-04T14:25:07  Healthy server already detected on port 8501. Monitoring only.
2026-03-04T14:25:27  Healthy server already detected on port 8501. Monitoring only.
2026-03-04T14:25:47  Healthy server already detected on port 8501. Monitoring only.
2026-03-04T14:26:07  Healthy server already detected on port 8501. Monitoring only.
2026-03-04T14:26:27  Healthy server already detected on port 8501. Monitoring only.
2026-03-04T14:26:47  Healthy server already detected on port 8501. Monitoring only.
2026-03-04T14:27:07  Healthy server already detected on port 8501. Monitoring only.
2026-03-04T14:27:27  Healthy server already detected on port 8501. Monitoring only.
2026-03-04T14:27:47  Healthy server already detected on port 8501. Monitoring only.
2026-03-04T14:28:07  Healthy server already detected on port 8501. Monitoring only.
2026-03-04T14:28:27  Healthy server already detected on port 8501. Monitoring only.
2026-03-04T14:28:47  Healthy server already detected on port 8501. Monitoring only.
2026-03-04T14:29:07  Healthy server already detected on port 8501. Monitoring only.
2026-03-04T14:29:28  Healthy server already detected on port 8501. Monitoring only.
2026-03-04T14:29:48  Healthy server already detected on port 8501. Monitoring only.
2026-03-04T14:30:08  Healthy server already detected on port 8501. Monitoring only.
2026-03-04T14:30:28  Healthy server already detected on port 8501. Monitoring only.
2026-03-04T14:30:48  Healthy server already detected on port 8501. Monitoring only.
2026-03-04T14:31:08  Healthy server already detected on port 8501. Monitoring only.
2026-03-04T14:31:28  Healthy server already detected on port 8501. Monitoring only.
2026-03-04T14:31:48  Healthy server already detected on port 8501. Monitoring only.
2026-03-04T14:32:09  Healthy server already detected on port 8501. Monitoring only.
2026-03-04T14:32:29  Healthy server already detected on port 8501. Monitoring only.
2026-03-04T14:32:49  Healthy server already detected on port 8501. Monitoring only.
2026-03-04T14:33:09  Healthy server already detected on port 8501. Monitoring only.
2026-03-04T14:33:29  Healthy server already detected on port 8501. Monitoring only.
2026-03-04T14:33:49  Healthy server already detected on port 8501. Monitoring only.
2026-03-04T14:34:09  Healthy server already detected on port 8501. Monitoring only.
2026-03-04T14:34:29  Healthy server already detected on port 8501. Monitoring only.
2026-03-04T14:34:49  Healthy server already detected on port 8501. Monitoring only.
2026-03-04T14:35:09  Healthy server already detected on port 8501. Monitoring only.
2026-03-04T14:35:30  Healthy server already detected on port 8501. Monitoring only.
2026-03-04T14:35:50  Healthy server already detected on port 8501. Monitoring only.
2026-03-04T14:36:10  Healthy server already detected on port 8501. Monitoring only.
2026-03-04T14:36:30  Healthy server already detected on port 8501. Monitoring only.
2026-03-04T14:36:50  Healthy server already detected on port 8501. Monitoring only.
2026-03-04T14:37:10  Healthy server already detected on port 8501. Monitoring only.
2026-03-04T14:37:30  Healthy server already detected on port 8501. Monitoring only.
2026-03-04T14:37:50  Healthy server already detected on port 8501. Monitoring only.
2026-03-04T14:38:10  Healthy server already detected on port 8501. Monitoring only.
2026-03-04T14:38:30  Healthy server already detected on port 8501. Monitoring only.
2026-03-04T14:38:50  Healthy server already detected on port 8501. Monitoring only.
2026-03-04T14:39:11  Healthy server already detected on port 8501. Monitoring only.
2026-03-04T14:39:31  Healthy server already detected on port 8501. Monitoring only.
2026-03-04T14:39:51  Healthy server already detected on port 8501. Monitoring only.
2026-03-04T14:40:11  Healthy server already detected on port 8501. Monitoring only.
2026-03-04T14:40:31  Healthy server already detected on port 8501. Monitoring only.
2026-03-04T14:40:51  Healthy server already detected on port 8501. Monitoring only.
2026-03-04T14:41:11  Healthy server already detected on port 8501. Monitoring only.
2026-03-04T14:41:32  Healthy server already detected on port 8501. Monitoring only.
2026-03-04T14:41:52  Healthy server already detected on port 8501. Monitoring only.
2026-03-04T14:42:12  Healthy server already detected on port 8501. Monitoring only.
2026-03-04T14:42:32  Healthy server already detected on port 8501. Monitoring only.
2026-03-04T14:42:52  Healthy server already detected on port 8501. Monitoring only.
2026-03-04T14:43:12  Healthy server already detected on port 8501. Monitoring only.
2026-03-04T14:43:32  Healthy server already detected on port 8501. Monitoring only.
2026-03-04T14:43:52  Healthy server already detected on port 8501. Monitoring only.
2026-03-04T14:44:12  Healthy server already detected on port 8501. Monitoring only.
2026-03-04T14:44:32  Healthy server already detected on port 8501. Monitoring only.
2026-03-04T14:44:52  Healthy server already detected on port 8501. Monitoring only.
2026-03-04T14:45:12  Healthy server already detected on port 8501. Monitoring only.
2026-03-04T14:45:32  Healthy server already detected on port 8501. Monitoring only.
2026-03-04T14:45:53  Healthy server already detected on port 8501. Monitoring only.
2026-03-04T14:46:13  Healthy server already detected on port 8501. Monitoring only.
2026-03-04T14:46:33  Healthy server already detected on port 8501. Monitoring only.
2026-03-04T14:46:53  Healthy server already detected on port 8501. Monitoring only.
2026-03-04T14:47:13  Healthy server already detected on port 8501. Monitoring only.
2026-03-04T14:47:33  Healthy server already detected on port 8501. Monitoring only.
2026-03-04T14:47:53  Healthy server already detected on port 8501. Monitoring only.
2026-03-04T14:48:13  Healthy server already detected on port 8501. Monitoring only.
2026-03-04T14:48:33  Healthy server already detected on port 8501. Monitoring only.
2026-03-04T14:48:54  Healthy server already detected on port 8501. Monitoring only.
2026-03-04T14:49:14  Healthy server already detected on port 8501. Monitoring only.
2026-03-04T14:49:34  Healthy server already detected on port 8501. Monitoring only.
2026-03-04T14:49:54  Healthy server already detected on port 8501. Monitoring only.
2026-03-04T14:50:14  Healthy server already detected on port 8501. Monitoring only.
2026-03-04T14:50:34  Healthy server already detected on port 8501. Monitoring only.
2026-03-04T14:50:54  Healthy server already detected on port 8501. Monitoring only.
2026-03-04T14:51:14  Healthy server already detected on port 8501. Monitoring only.
2026-03-04T14:51:34  Healthy server already detected on port 8501. Monitoring only.
2026-03-04T14:51:54  Healthy server already detected on port 8501. Monitoring only.
2026-03-04T14:52:14  Healthy server already detected on port 8501. Monitoring only.
2026-03-04T14:52:34  Healthy server already detected on port 8501. Monitoring only.
2026-03-04T14:52:55  Healthy server already detected on port 8501. Monitoring only.
2026-03-04T14:53:15  Healthy server already detected on port 8501. Monitoring only.
2026-03-04T14:53:35  Healthy server already detected on port 8501. Monitoring only.
2026-03-04T14:53:55  Healthy server already detected on port 8501. Monitoring only.
2026-03-04T14:54:15  Healthy server already detected on port 8501. Monitoring only.
2026-03-04T14:54:35  Healthy server already detected on port 8501. Monitoring only.
2026-03-04T14:54:55  Healthy server already detected on port 8501. Monitoring only.
2026-03-04T14:55:15  Healthy server already detected on port 8501. Monitoring only.
2026-03-04T14:55:35  Healthy server already detected on port 8501. Monitoring only.
